<?xml version="1.0" encoding="UTF-8"?>
<!-- Generated by org.testng.reporters.JUnitReportReporter -->
<testsuite hostname="DESKTOP-MUPOVES" failures="0" tests="3" name="tests.LoginPageTest" time="73.756" errors="0" timestamp="2023-02-10T17:22:25 IST" skipped="0">
  <testcase classname="tests.LoginPageTest" name="verifyInvalidLogin" time="26.029"/>
  <system-out/>
  <testcase classname="tests.LoginPageTest" name="verifyInvalidLogin" time="24.251"/>
  <system-out/>
  <testcase classname="tests.LoginPageTest" name="verifyInvalidLogin" time="23.476"/>
  <system-out/>
</testsuite> <!-- tests.LoginPageTest -->
